<?xml version="1.0" encoding="UTF-8"?>
<!-- Generated by org.testng.reporters.JUnitReportReporter -->
<testsuite hostname="DESKTOP-9PSLEJ4" failures="0" tests="2" name="com.TechStalWarts.testCase.TC_Protect" time="9.961" errors="0" timestamp="2023-05-23T12:41:15 IST" skipped="0">
  <testcase classname="com.TechStalWarts.testCase.TC_Protect" name="tc_pro_001" time="5.113"/>
  <system-out/>
  <testcase classname="com.TechStalWarts.testCase.TC_Protect" name="tc_pro_003" time="4.848"/>
  <system-out/>
</testsuite> <!-- com.TechStalWarts.testCase.TC_Protect -->
