<?xml version="1.0" encoding="UTF-8"?>
<!-- Generated by org.testng.reporters.JUnitReportReporter -->
<testsuite hostname="DESKTOP-9PSLEJ4" failures="0" tests="1" name="com.TechStalWarts.testCase.TC_LogInTest" time="3.803" errors="0" timestamp="2023-05-15T14:09:06 IST" skipped="0">
  <testcase classname="com.TechStalWarts.testCase.TC_LogInTest" name="logInTest" time="3.803"/>
  <system-out/>
</testsuite> <!-- com.TechStalWarts.testCase.TC_LogInTest -->
