<?xml version="1.0" encoding="UTF-8"?>
<!-- Generated by org.testng.reporters.JUnitReportReporter -->
<testsuite hostname="DESKTOP-9PSLEJ4" failures="0" tests="2" name="com.TechStalWarts.testCase.TCportFolioGeneration" time="8.710" errors="0" timestamp="2023-05-19T10:50:39 IST" skipped="0">
  <testcase classname="com.TechStalWarts.testCase.TCportFolioGeneration" name="doLogin" time="2.740"/>
  <system-out/>
  <testcase classname="com.TechStalWarts.testCase.TCportFolioGeneration" name="investmentHorizon" time="5.970"/>
  <system-out/>
</testsuite> <!-- com.TechStalWarts.testCase.TCportFolioGeneration -->
